<!DOCTYPE suite SYSTEM "https://testng.org/testng-1.0.dtd" >

<suite name="GitHub Sanity Suite" verbose="1" parallel="methods" thread-count="4">
    <test name="GitHub API Tests">
        <classes>
            <class name="com.mend.tests.github.SanityApiTest"/>
        </classes>
    </test>
</suite>